<?xml version="1.0" encoding="UTF-8"?>
<!-- Generated by org.testng.reporters.JUnitReportReporter -->
<testsuite hostname="DESKTOP-SGMB6T8" failures="0" tests="7" name="TestCases.StandardUserTestCase" time="8.587" errors="0" timestamp="2023-11-15T20:43:26 IST" skipped="0">
  <testcase classname="TestCases.StandardUserTestCase" name="purchaseproduct" time="1.260"/>
  <testcase classname="TestCases.StandardUserTestCase" name="purchaseproduct" time="1.245"/>
  <testcase classname="TestCases.StandardUserTestCase" name="purchaseproduct" time="1.273"/>
  <testcase classname="TestCases.StandardUserTestCase" name="purchaseproduct" time="1.213"/>
  <testcase classname="TestCases.StandardUserTestCase" name="loginuser" time="0.691"/>
  <testcase classname="TestCases.StandardUserTestCase" name="purchaseproduct" time="1.651"/>
  <testcase classname="TestCases.StandardUserTestCase" name="purchaseproduct" time="1.254"/>
</testsuite> <!-- TestCases.StandardUserTestCase -->
