<?xml version="1.0" encoding="UTF-8"?>
<!-- Generated by org.testng.reporters.JUnitReportReporter -->
<testsuite hostname="DESKTOP-SGMB6T8" failures="0" tests="1" name="TestCases.LoginTestCase" time="1.168" errors="0" timestamp="2023-11-02T12:36:35 IST" skipped="0">
  <testcase classname="TestCases.LoginTestCase" name="loginuser" time="1.168"/>
</testsuite> <!-- TestCases.LoginTestCase -->
