<?xml version="1.0" encoding="UTF-8"?>
<!-- Generated by org.testng.reporters.JUnitReportReporter -->
<testsuite hostname="DESKTOP-SGMB6T8" failures="0" tests="2" name="TestCases.LoginTestCase" time="1.063" errors="0" timestamp="2023-11-06T12:03:09 IST" skipped="0">
  <testcase classname="TestCases.LoginTestCase" name="loginuser" time="0.441"/>
  <testcase classname="TestCases.LoginTestCase" name="lockeduser" time="0.622"/>
</testsuite> <!-- TestCases.LoginTestCase -->
