<?xml version="1.0" encoding="UTF-8"?>
<!-- Generated by org.testng.reporters.JUnitReportReporter -->
<testsuite hostname="DESKTOP-SGMB6T8" failures="0" tests="1" name="TestCases.LoginPage" time="0.614" errors="0" timestamp="2023-11-02T12:14:08 IST" skipped="0">
  <testcase classname="TestCases.LoginPage" name="loginuser" time="0.614"/>
</testsuite> <!-- TestCases.LoginPage -->
