<?xml version="1.0" encoding="UTF-8"?>
<!-- Generated by org.testng.reporters.JUnitReportReporter -->
<testsuite hostname="DESKTOP-SGMB6T8" failures="0" tests="2" name="TestCases.PurchaseTestCase" time="2.113" errors="0" timestamp="2023-11-02T14:14:14 IST" skipped="0">
  <testcase classname="TestCases.PurchaseTestCase" name="loginuser" time="0.803"/>
  <testcase classname="TestCases.PurchaseTestCase" name="purchaseorder" time="1.310"/>
</testsuite> <!-- TestCases.PurchaseTestCase -->
