<?xml version="1.0" encoding="UTF-8"?>
<!-- Generated by org.testng.reporters.JUnitReportReporter -->
<testsuite hostname="DESKTOP-SGMB6T8" failures="0" tests="1" name="TestCases.StandardUserTestCase" time="2.919" errors="0" timestamp="2023-11-10T23:56:21 IST" skipped="0">
  <testcase classname="TestCases.StandardUserTestCase" name="loginuser" time="2.919"/>
</testsuite> <!-- TestCases.StandardUserTestCase -->
