<?xml version="1.0" encoding="UTF-8"?>
<!-- Generated by org.testng.reporters.JUnitReportReporter -->
<testsuite hostname="DESKTOP-SGMB6T8" failures="0" tests="2" name="TestCases.ProblemUserTestCase" time="0.777" errors="0" timestamp="2023-11-06T13:42:23 IST" skipped="0">
  <testcase classname="TestCases.ProblemUserTestCase" name="loginuser" time="0.520"/>
  <testcase classname="TestCases.ProblemUserTestCase" name="purchaseorder" time="0.257"/>
</testsuite> <!-- TestCases.ProblemUserTestCase -->
