<?xml version="1.0" encoding="UTF-8"?>
<!-- Generated by org.testng.reporters.JUnitReportReporter -->
<testsuite hostname="DESKTOP-SGMB6T8" failures="0" tests="7" name="TestCases.ProblemUserTestCase" time="1.106" errors="0" timestamp="2023-11-14T18:28:56 IST" skipped="0">
  <testcase classname="TestCases.ProblemUserTestCase" name="purchaseorder" time="0.063"/>
  <testcase classname="TestCases.ProblemUserTestCase" name="purchaseorder" time="0.066"/>
  <testcase classname="TestCases.ProblemUserTestCase" name="purchaseorder" time="0.045"/>
  <testcase classname="TestCases.ProblemUserTestCase" name="loginuser" time="0.587"/>
  <testcase classname="TestCases.ProblemUserTestCase" name="purchaseorder" time="0.258"/>
  <testcase classname="TestCases.ProblemUserTestCase" name="purchaseorder" time="0.041"/>
  <testcase classname="TestCases.ProblemUserTestCase" name="purchaseorder" time="0.046"/>
</testsuite> <!-- TestCases.ProblemUserTestCase -->
