<?xml version="1.0" encoding="UTF-8"?>
<!-- Generated by org.testng.reporters.JUnitReportReporter -->
<testsuite hostname="DESKTOP-TBVDGTD" failures="0" tests="1" name="TestCases.AppntmntBookingHardcoded" time="9.632" errors="0" timestamp="2024-04-20T02:05:13 IST" skipped="0">
  <testcase classname="TestCases.AppntmntBookingHardcoded" name="BookingAppointment" time="9.632"/>
</testsuite> <!-- TestCases.AppntmntBookingHardcoded -->
