<?xml version="1.0" encoding="UTF-8"?>
<!-- Generated by org.testng.reporters.JUnitReportReporter -->
<testsuite hostname="DESKTOP-TBVDGTD" failures="0" tests="2" name="TestCases.AppntmntBooking" time="19.535" errors="0" timestamp="2024-04-23T13:57:24 IST" skipped="0">
  <testcase classname="TestCases.AppntmntBooking" name="appointmentbooking" time="10.301"/>
  <testcase classname="TestCases.AppntmntBooking" name="appointmentbooking" time="9.234"/>
</testsuite> <!-- TestCases.AppntmntBooking -->
