<?xml version="1.0" encoding="UTF-8"?>
<!-- Generated by org.testng.reporters.JUnitReportReporter -->
<testsuite hostname="DESKTOP-TBVDGTD" failures="0" tests="9" name="CommonUtils.ExcelRead" time="0.080" errors="0" timestamp="2024-04-21T17:43:14 IST" skipped="0">
  <testcase classname="CommonUtils.ExcelRead" name="InputData" time="0.009"/>
  <testcase classname="CommonUtils.ExcelRead" name="InputData" time="0.003"/>
  <testcase classname="CommonUtils.ExcelRead" name="InputData" time="0.012"/>
  <testcase classname="CommonUtils.ExcelRead" name="InputData" time="0.005"/>
  <testcase classname="CommonUtils.ExcelRead" name="InputData" time="0.002"/>
  <testcase classname="CommonUtils.ExcelRead" name="InputData" time="0.004"/>
  <testcase classname="CommonUtils.ExcelRead" name="InputData" time="0.004"/>
  <testcase classname="CommonUtils.ExcelRead" name="InputData" time="0.034"/>
  <testcase classname="CommonUtils.ExcelRead" name="InputData" time="0.007"/>
</testsuite> <!-- CommonUtils.ExcelRead -->
