<?xml version="1.0" encoding="UTF-8"?>
<!-- Generated by org.testng.reporters.JUnitReportReporter -->
<testsuite hostname="DESKTOP-TBVDGTD" failures="0" tests="1" name="TestCases.AppointmentBooking" time="10.965" errors="0" timestamp="2024-04-20T01:17:06 IST" skipped="0">
  <testcase classname="TestCases.AppointmentBooking" name="BookingAppointment" time="10.965"/>
</testsuite> <!-- TestCases.AppointmentBooking -->
