<?xml version="1.0" encoding="UTF-8"?>
<!-- Generated by org.testng.reporters.JUnitReportReporter -->
<testsuite hostname="DESKTOP-TBVDGTD" failures="0" tests="1" name="TestCases.UserLogin" time="6.057" errors="0" timestamp="2024-04-17T01:04:12 IST" skipped="0">
  <testcase classname="TestCases.UserLogin" name="LoginPageElements" time="6.057"/>
</testsuite> <!-- TestCases.UserLogin -->
