<?xml version="1.0" encoding="UTF-8"?>
<!-- Generated by org.testng.reporters.JUnitReportReporter -->
<testsuite hostname="DESKTOP-TBVDGTD" failures="0" tests="1" name="PageObjElements.LoginPage" time="16.574" errors="0" timestamp="2024-03-27T01:34:20 IST" skipped="0">
  <testcase classname="PageObjElements.LoginPage" name="LoginPageElements" time="16.574"/>
</testsuite> <!-- PageObjElements.LoginPage -->
