<?xml version="1.0" encoding="UTF-8"?>
<!-- Generated by org.testng.reporters.JUnitReportReporter -->
<testsuite hostname="DESKTOP-SGMB6T8" failures="0" tests="2" name="TestCases.CreateResgistration" time="8.090" errors="0" timestamp="2023-11-20T13:39:59 IST" skipped="0">
  <testcase classname="TestCases.CreateResgistration" name="newregistration" time="5.900"/>
  <testcase classname="TestCases.CreateResgistration" name="newregistration" time="2.190"/>
</testsuite> <!-- TestCases.CreateResgistration -->
