<?xml version="1.0" encoding="UTF-8"?>
<!-- Generated by org.testng.reporters.JUnitReportReporter -->
<testsuite hostname="DESKTOP-SGMB6T8" failures="0" tests="1" name="TestCases.dummy" time="16.292" errors="0" timestamp="2023-11-24T23:26:38 IST" skipped="0">
  <testcase classname="TestCases.dummy" name="setup" time="16.292"/>
</testsuite> <!-- TestCases.dummy -->
