<?xml version="1.0" encoding="UTF-8"?>
<!-- Generated by org.testng.reporters.JUnitReportReporter -->
<testsuite hostname="DESKTOP-SGMB6T8" failures="0" tests="3" name="TestCases.CreateResgistration" time="37.414" errors="0" timestamp="2023-11-20T23:14:55 IST" skipped="0">
  <testcase classname="TestCases.CreateResgistration" name="newregistration" time="5.114"/>
  <testcase classname="TestCases.CreateResgistration" name="newregistration" time="2.811"/>
  <testcase classname="TestCases.CreateResgistration" name="newregistration" time="29.489"/>
</testsuite> <!-- TestCases.CreateResgistration -->
