<?xml version="1.0" encoding="UTF-8"?>
<!-- Generated by org.testng.reporters.JUnitReportReporter -->
<testsuite hostname="DESKTOP-SGMB6T8" failures="0" tests="2" name="TestCases.ExistingUserLogin" time="28.214" errors="0" timestamp="2023-11-20T22:54:29 IST" skipped="0">
  <testcase classname="TestCases.ExistingUserLogin" name="userlogin" time="6.995"/>
  <testcase classname="TestCases.ExistingUserLogin" name="userlogin" time="21.219"/>
</testsuite> <!-- TestCases.ExistingUserLogin -->
